  .   ____          _            __ _ _
 /\\ / ___'_ __ _ _(_)_ __  __ _ \ \ \ \
( ( )\___ | '_ | '_| | '_ \/ _` | \ \ \ \
 \\/  ___)| |_)| | | | | || (_| |  ) ) ) )
  '  |____| .__|_| |_|_| |_\__, | / / / /
 =========|_|==============|___/=/_/_/_/

 :: Spring Boot ::                (v3.3.0)

2026-06-21T20:47:14.219-03:00  INFO 29920 --- [matrizes-api] [           main] c.d.matrizes.MatrizesApiApplication      : Starting MatrizesApiApplication v1.0.0-SNAPSHOT using Java 21.0.11 with PID 29920 (C:\Users\Ltrevizam\OneDrive - Dacarto\Área de Trabalho\Projeto_controle_Matriz\backend\target\matrizes-api-1.0.0-SNAPSHOT.jar started by Ltrevizam in C:\Users\Ltrevizam\OneDrive - Dacarto\Área de Trabalho\Projeto_controle_Matriz\backend)
2026-06-21T20:47:14.228-03:00  INFO 29920 --- [matrizes-api] [           main] c.d.matrizes.MatrizesApiApplication      : The following 1 profile is active: "prod"
2026-06-21T20:47:16.322-03:00  INFO 29920 --- [matrizes-api] [           main] .s.d.r.c.RepositoryConfigurationDelegate : Bootstrapping Spring Data JPA repositories in DEFAULT mode.
2026-06-21T20:47:16.472-03:00  INFO 29920 --- [matrizes-api] [           main] .s.d.r.c.RepositoryConfigurationDelegate : Finished Spring Data repository scanning in 127 ms. Found 6 JPA repository interfaces.
2026-06-21T20:47:17.762-03:00  INFO 29920 --- [matrizes-api] [           main] o.s.b.w.embedded.tomcat.TomcatWebServer  : Tomcat initialized with port 8080 (http)
2026-06-21T20:47:17.774-03:00  INFO 29920 --- [matrizes-api] [           main] o.apache.catalina.core.StandardService   : Starting service [Tomcat]
2026-06-21T20:47:17.781-03:00  INFO 29920 --- [matrizes-api] [           main] o.apache.catalina.core.StandardEngine    : Starting Servlet engine: [Apache Tomcat/10.1.24]
2026-06-21T20:47:17.829-03:00  INFO 29920 --- [matrizes-api] [           main] o.a.c.c.C.[Tomcat].[localhost].[/]       : Initializing Spring embedded WebApplicationContext
2026-06-21T20:47:17.832-03:00  INFO 29920 --- [matrizes-api] [           main] w.s.c.ServletWebServerApplicationContext : Root WebApplicationContext: initialization completed in 3450 ms
2026-06-21T20:47:18.183-03:00  INFO 29920 --- [matrizes-api] [           main] o.hibernate.jpa.internal.util.LogHelper  : HHH000204: Processing PersistenceUnitInfo [name: default]
2026-06-21T20:47:18.354-03:00  INFO 29920 --- [matrizes-api] [           main] org.hibernate.Version                    : HHH000412: Hibernate ORM core version 6.5.2.Final
2026-06-21T20:47:18.514-03:00  INFO 29920 --- [matrizes-api] [           main] o.h.c.internal.RegionFactoryInitiator    : HHH000026: Second-level cache disabled
2026-06-21T20:47:19.267-03:00  INFO 29920 --- [matrizes-api] [           main] o.s.o.j.p.SpringPersistenceUnitInfo      : No LoadTimeWeaver setup: ignoring JPA class transformer
2026-06-21T20:47:19.329-03:00  INFO 29920 --- [matrizes-api] [           main] com.zaxxer.hikari.HikariDataSource       : HikariPool-1 - Starting...
2026-06-21T20:47:23.138-03:00  INFO 29920 --- [matrizes-api] [           main] com.zaxxer.hikari.pool.HikariPool        : HikariPool-1 - Added connection org.postgresql.jdbc.PgConnection@e0847a9
2026-06-21T20:47:23.143-03:00  INFO 29920 --- [matrizes-api] [           main] com.zaxxer.hikari.HikariDataSource       : HikariPool-1 - Start completed.
2026-06-21T20:47:23.494-03:00  WARN 29920 --- [matrizes-api] [           main] org.hibernate.orm.deprecation            : HHH90000025: PostgreSQLDialect does not need to be specified explicitly using 'hibernate.dialect' (remove the property setting and it will be selected by default)
2026-06-21T20:47:25.900-03:00  INFO 29920 --- [matrizes-api] [           main] o.h.e.t.j.p.i.JtaPlatformInitiator       : HHH000489: No JTA platform available (set 'hibernate.transaction.jta.platform' to enable JTA platform integration)
2026-06-21T20:47:34.857-03:00  INFO 29920 --- [matrizes-api] [           main] j.LocalContainerEntityManagerFactoryBean : Initialized JPA EntityManagerFactory for persistence unit 'default'
2026-06-21T20:47:35.805-03:00  INFO 29920 --- [matrizes-api] [           main] o.s.d.j.r.query.QueryEnhancerFactory     : Hibernate is in classpath; If applicable, HQL parser will be used.
2026-06-21T20:47:37.446-03:00  WARN 29920 --- [matrizes-api] [           main] JpaBaseConfiguration$JpaWebConfiguration : spring.jpa.open-in-view is enabled by default. Therefore, database queries may be performed during view rendering. Explicitly configure spring.jpa.open-in-view to disable this warning
2026-06-21T20:47:37.494-03:00  WARN 29920 --- [matrizes-api] [           main] .s.s.UserDetailsServiceAutoConfiguration : 

Using generated security password: 3a547929-5d86-4ce2-aad3-6beeefa721c7

This generated password is for development use only. Your security configuration must be updated before running your application in production.

2026-06-21T20:47:38.586-03:00  INFO 29920 --- [matrizes-api] [           main] o.s.b.w.embedded.tomcat.TomcatWebServer  : Tomcat started on port 8080 (http) with context path '/'
2026-06-21T20:47:38.610-03:00  INFO 29920 --- [matrizes-api] [           main] c.d.matrizes.MatrizesApiApplication      : Started MatrizesApiApplication in 25.333 seconds (process running for 26.353)
2026-06-21T20:47:38.621-03:00  INFO 29920 --- [matrizes-api] [           main] c.dacarto.matrizes.config.DatabaseFixer  : Running database fixer to uppercase enum values...
2026-06-21T20:47:39.167-03:00  INFO 29920 --- [matrizes-api] [           main] c.dacarto.matrizes.config.DatabaseFixer  : Existing user roles: [{role=ADMIN}]
2026-06-21T20:47:42.596-03:00  INFO 29920 --- [matrizes-api] [           main] c.dacarto.matrizes.config.DatabaseFixer  : Column altura_original checked/added successfully.
2026-06-21T20:47:42.903-03:00  INFO 29920 --- [matrizes-api] [           main] c.dacarto.matrizes.config.DatabaseFixer  : Column altura_atual checked/added successfully.
2026-06-21T20:47:43.209-03:00  INFO 29920 --- [matrizes-api] [           main] c.dacarto.matrizes.config.DatabaseFixer  : Column altura_minima checked/added successfully.
2026-06-21T20:47:43.484-03:00  INFO 29920 --- [matrizes-api] [           main] c.dacarto.matrizes.config.DatabaseFixer  : Column quantidade_retificas checked/added successfully.
2026-06-21T20:47:43.823-03:00  INFO 29920 --- [matrizes-api] [           main] c.dacarto.matrizes.config.DatabaseFixer  : Column pressao checked/added successfully.
2026-06-21T20:47:44.131-03:00  INFO 29920 --- [matrizes-api] [           main] c.dacarto.matrizes.config.DatabaseFixer  : Column tipo_corte checked/added successfully.
2026-06-21T20:47:44.133-03:00  INFO 29920 --- [matrizes-api] [           main] c.dacarto.matrizes.config.DatabaseFixer  : Database fixer completed successfully.
2026-06-21T20:48:08.640-03:00  INFO 29920 --- [matrizes-api] [nio-8080-exec-1] o.a.c.c.C.[Tomcat].[localhost].[/]       : Initializing Spring DispatcherServlet 'dispatcherServlet'
2026-06-21T20:48:08.644-03:00  INFO 29920 --- [matrizes-api] [nio-8080-exec-1] o.s.web.servlet.DispatcherServlet        : Initializing Servlet 'dispatcherServlet'
2026-06-21T20:48:08.647-03:00  INFO 29920 --- [matrizes-api] [nio-8080-exec-1] o.s.web.servlet.DispatcherServlet        : Completed initialization in 2 ms
[JWT Filter] Path: /api/v1/auth/login | Token: Null
[JWT Filter] Path: /api/v1/auth/login | Token: Null
[JWT Filter] Path: /api/v1/auth/login | Token: Null
[JWT Filter] Path: /api/v1/matrizes/dashboard | Token: Found
[JWT Filter] Token is valid: false
[JWT Filter] Path: /api/v1/matrizes/dashboard | Token: Found
[JWT Filter] Token is valid: false
[JWT Filter] Path: /api/v1/matrizes/alertas/estoque | Token: Null
[JWT Filter] Path: /api/v1/matrizes/alertas/estoque | Token: Null
[JWT Filter] Path: /api/v1/matrizes/dashboard | Token: Found
[JWT Filter] Token is valid: false
[JWT Filter] Path: /api/v1/matrizes/dashboard | Token: Found
[JWT Filter] Token is valid: false
[JWT Filter] Path: /api/v1/matrizes/alertas/estoque | Token: Null
[JWT Filter] Path: /api/v1/matrizes/alertas/estoque | Token: Null
[JWT Filter] Path: /api/v1/auth/login | Token: Null
[JWT Filter] Path: /api/v1/matrizes/dashboard | Token: Found
[JWT Filter] Token is valid: true
[JWT Filter] User: admin | Role: ADMIN
[JWT Filter] Authentication set successfully.
[JWT Filter] Path: /api/v1/matrizes/dashboard | Token: Found
[JWT Filter] Token is valid: true
[JWT Filter] User: admin | Role: ADMIN
[JWT Filter] Path: /api/v1/matrizes/alertas/estoque | Token: Found
[JWT Filter] Authentication set successfully.
[JWT Filter] Token is valid: true
[JWT Filter] User: admin | Role: ADMIN
[JWT Filter] Authentication set successfully.
[JWT Filter] Path: /api/v1/matrizes | Token: Found
[JWT Filter] Token is valid: true
[JWT Filter] User: admin | Role: ADMIN
[JWT Filter] Authentication set successfully.
2026-06-21T20:51:05.663-03:00  WARN 29920 --- [matrizes-api] [nio-8080-exec-2] PageModule$PlainPageSerializationWarning : Serializing PageImpl instances as-is is not supported, meaning that there is no guarantee about the stability of the resulting JSON structure!
	For a stable JSON structure, please use Spring Data's PagedModel (globally via @EnableSpringDataWebSupport(pageSerializationMode = VIA_DTO))
	or Spring HATEOAS and Spring Data's PagedResourcesAssembler as documented in https://docs.spring.io/spring-data/commons/reference/repositories/core-extensions.html#core.web.pageables.

[JWT Filter] Path: /api/v1/matrizes | Token: Found
[JWT Filter] Token is valid: true
[JWT Filter] User: admin | Role: ADMIN
[JWT Filter] Authentication set successfully.
[JWT Filter] Path: /api/v1/matrizes | Token: Found
[JWT Filter] Token is valid: true
[JWT Filter] User: admin | Role: ADMIN
[JWT Filter] Authentication set successfully.
[JWT Filter] Path: /api/v1/matrizes/alertas/estoque | Token: Found
[JWT Filter] Token is valid: true
[JWT Filter] User: admin | Role: ADMIN
[JWT Filter] Authentication set successfully.
[JWT Filter] Path: /api/v1/matrizes | Token: Found
[JWT Filter] Token is valid: true
[JWT Filter] User: admin | Role: ADMIN
[JWT Filter] Authentication set successfully.
[JWT Filter] Path: /api/v1/inspecoes | Token: Found
[JWT Filter] Path: /api/v1/matrizes | Token: Found
[JWT Filter] Token is valid: true
[JWT Filter] Token is valid: true
[JWT Filter] User: admin | Role: ADMIN
[JWT Filter] Authentication set successfully.
[JWT Filter] User: admin | Role: ADMIN
[JWT Filter] Authentication set successfully.
[JWT Filter] Path: /api/v1/matrizes | Token: Found
[JWT Filter] Token is valid: true
[JWT Filter] User: admin | Role: ADMIN
[JWT Filter] Authentication set successfully.
[JWT Filter] Path: /api/v1/inspecoes | Token: Found
[JWT Filter] Token is valid: true
[JWT Filter] User: admin | Role: ADMIN
[JWT Filter] Authentication set successfully.
[JWT Filter] Path: /api/v1/matrizes | Token: Found
[JWT Filter] Path: /api/v1/reparos | Token: Found
[JWT Filter] Token is valid: true
[JWT Filter] Token is valid: true
[JWT Filter] User: admin | Role: ADMIN
[JWT Filter] Authentication set successfully.
[JWT Filter] User: admin | Role: ADMIN
[JWT Filter] Authentication set successfully.
[JWT Filter] Path: /api/v1/reparos | Token: Found
[JWT Filter] Path: /api/v1/matrizes | Token: Found
[JWT Filter] Token is valid: true
[JWT Filter] Token is valid: true
[JWT Filter] Path: /api/v1/fornecedores | Token: Found
[JWT Filter] User: admin | Role: ADMIN
[JWT Filter] User: admin | Role: ADMIN
[JWT Filter] Authentication set successfully.
[JWT Filter] Token is valid: true
[JWT Filter] Authentication set successfully.
[JWT Filter] User: admin | Role: ADMIN
[JWT Filter] Authentication set successfully.
[JWT Filter] Path: /api/v1/matrizes/dashboard | Token: Found
[JWT Filter] Token is valid: true
[JWT Filter] User: admin | Role: ADMIN
[JWT Filter] Authentication set successfully.
[JWT Filter] Path: /api/v1/fornecedores | Token: Found
[JWT Filter] Token is valid: true
[JWT Filter] User: admin | Role: ADMIN
[JWT Filter] Authentication set successfully.
[JWT Filter] Path: /api/v1/matrizes | Token: Found
[JWT Filter] Token is valid: true
[JWT Filter] User: admin | Role: ADMIN
[JWT Filter] Authentication set successfully.
[JWT Filter] Path: /api/v1/matrizes/dashboard | Token: Found
[JWT Filter] Token is valid: true
[JWT Filter] Path: /api/v1/matrizes/alertas/estoque | Token: Found
[JWT Filter] User: admin | Role: ADMIN
[JWT Filter] Token is valid: true
[JWT Filter] Authentication set successfully.
[JWT Filter] User: admin | Role: ADMIN
[JWT Filter] Authentication set successfully.
[JWT Filter] Path: /api/v1/matrizes | Token: Found
[JWT Filter] Token is valid: true
[JWT Filter] User: admin | Role: ADMIN
[JWT Filter] Authentication set successfully.
[JWT Filter] Path: /api/v1/matrizes | Token: Found
[JWT Filter] Token is valid: true
[JWT Filter] User: admin | Role: ADMIN
[JWT Filter] Authentication set successfully.
[JWT Filter] Path: /api/v1/matrizes/alertas/estoque | Token: Found
[JWT Filter] Token is valid: true
[JWT Filter] User: admin | Role: ADMIN
[JWT Filter] Authentication set successfully.
[JWT Filter] Path: /api/v1/matrizes | Token: Found
[JWT Filter] Token is valid: true
[JWT Filter] User: admin | Role: ADMIN
[JWT Filter] Authentication set successfully.
