  .   ____          _            __ _ _
 /\\ / ___'_ __ _ _(_)_ __  __ _ \ \ \ \
( ( )\___ | '_ | '_| | '_ \/ _` | \ \ \ \
 \\/  ___)| |_)| | | | | || (_| |  ) ) ) )
  '  |____| .__|_| |_|_| |_\__, | / / / /
 =========|_|==============|___/=/_/_/_/

 :: Spring Boot ::                (v3.3.0)

2026-06-17T12:45:01.960-03:00  INFO 29364 --- [matrizes-api] [           main] c.d.matrizes.MatrizesApiApplication      : Starting MatrizesApiApplication v1.0.0-SNAPSHOT using Java 21.0.11 with PID 29364 (C:\Users\Ltrevizam\OneDrive - Dacarto\Área de Trabalho\Projeto_controle_Matriz\backend\target\matrizes-api-1.0.0-SNAPSHOT.jar started by Ltrevizam in C:\Users\Ltrevizam\OneDrive - Dacarto\Área de Trabalho\Projeto_controle_Matriz\backend)
2026-06-17T12:45:01.971-03:00  INFO 29364 --- [matrizes-api] [           main] c.d.matrizes.MatrizesApiApplication      : The following 1 profile is active: "prod"
2026-06-17T12:45:04.495-03:00  INFO 29364 --- [matrizes-api] [           main] .s.d.r.c.RepositoryConfigurationDelegate : Bootstrapping Spring Data JPA repositories in DEFAULT mode.
2026-06-17T12:45:04.697-03:00  INFO 29364 --- [matrizes-api] [           main] .s.d.r.c.RepositoryConfigurationDelegate : Finished Spring Data repository scanning in 179 ms. Found 6 JPA repository interfaces.
2026-06-17T12:45:06.172-03:00  INFO 29364 --- [matrizes-api] [           main] o.s.b.w.embedded.tomcat.TomcatWebServer  : Tomcat initialized with port 8080 (http)
2026-06-17T12:45:06.193-03:00  INFO 29364 --- [matrizes-api] [           main] o.apache.catalina.core.StandardService   : Starting service [Tomcat]
2026-06-17T12:45:06.195-03:00  INFO 29364 --- [matrizes-api] [           main] o.apache.catalina.core.StandardEngine    : Starting Servlet engine: [Apache Tomcat/10.1.24]
2026-06-17T12:45:06.262-03:00  INFO 29364 --- [matrizes-api] [           main] o.a.c.c.C.[Tomcat].[localhost].[/]       : Initializing Spring embedded WebApplicationContext
2026-06-17T12:45:06.268-03:00  INFO 29364 --- [matrizes-api] [           main] w.s.c.ServletWebServerApplicationContext : Root WebApplicationContext: initialization completed in 4103 ms
2026-06-17T12:45:06.706-03:00  INFO 29364 --- [matrizes-api] [           main] o.hibernate.jpa.internal.util.LogHelper  : HHH000204: Processing PersistenceUnitInfo [name: default]
2026-06-17T12:45:06.849-03:00  INFO 29364 --- [matrizes-api] [           main] org.hibernate.Version                    : HHH000412: Hibernate ORM core version 6.5.2.Final
2026-06-17T12:45:06.925-03:00  INFO 29364 --- [matrizes-api] [           main] o.h.c.internal.RegionFactoryInitiator    : HHH000026: Second-level cache disabled
2026-06-17T12:45:07.384-03:00  INFO 29364 --- [matrizes-api] [           main] o.s.o.j.p.SpringPersistenceUnitInfo      : No LoadTimeWeaver setup: ignoring JPA class transformer
2026-06-17T12:45:07.434-03:00  INFO 29364 --- [matrizes-api] [           main] com.zaxxer.hikari.HikariDataSource       : HikariPool-1 - Starting...
2026-06-17T12:45:10.658-03:00  INFO 29364 --- [matrizes-api] [           main] com.zaxxer.hikari.pool.HikariPool        : HikariPool-1 - Added connection org.postgresql.jdbc.PgConnection@6533629
2026-06-17T12:45:10.664-03:00  INFO 29364 --- [matrizes-api] [           main] com.zaxxer.hikari.HikariDataSource       : HikariPool-1 - Start completed.
2026-06-17T12:45:10.991-03:00  WARN 29364 --- [matrizes-api] [           main] org.hibernate.orm.deprecation            : HHH90000025: PostgreSQLDialect does not need to be specified explicitly using 'hibernate.dialect' (remove the property setting and it will be selected by default)
2026-06-17T12:45:14.066-03:00  INFO 29364 --- [matrizes-api] [           main] o.h.e.t.j.p.i.JtaPlatformInitiator       : HHH000489: No JTA platform available (set 'hibernate.transaction.jta.platform' to enable JTA platform integration)
2026-06-17T12:45:21.372-03:00  INFO 29364 --- [matrizes-api] [           main] j.LocalContainerEntityManagerFactoryBean : Initialized JPA EntityManagerFactory for persistence unit 'default'
2026-06-17T12:45:22.393-03:00  INFO 29364 --- [matrizes-api] [           main] o.s.d.j.r.query.QueryEnhancerFactory     : Hibernate is in classpath; If applicable, HQL parser will be used.
2026-06-17T12:45:24.321-03:00  WARN 29364 --- [matrizes-api] [           main] JpaBaseConfiguration$JpaWebConfiguration : spring.jpa.open-in-view is enabled by default. Therefore, database queries may be performed during view rendering. Explicitly configure spring.jpa.open-in-view to disable this warning
2026-06-17T12:45:24.379-03:00  WARN 29364 --- [matrizes-api] [           main] .s.s.UserDetailsServiceAutoConfiguration : 

Using generated security password: eb0d74bc-83fa-4ddb-87d4-3f8cb801f63f

This generated password is for development use only. Your security configuration must be updated before running your application in production.

2026-06-17T12:45:25.775-03:00  INFO 29364 --- [matrizes-api] [           main] o.s.b.w.embedded.tomcat.TomcatWebServer  : Tomcat started on port 8080 (http) with context path '/'
2026-06-17T12:45:25.793-03:00  INFO 29364 --- [matrizes-api] [           main] c.d.matrizes.MatrizesApiApplication      : Started MatrizesApiApplication in 24.961 seconds (process running for 26.233)
2026-06-17T12:45:25.803-03:00  INFO 29364 --- [matrizes-api] [           main] c.dacarto.matrizes.config.DatabaseFixer  : Running database fixer to uppercase enum values...
2026-06-17T12:45:26.332-03:00  INFO 29364 --- [matrizes-api] [           main] c.dacarto.matrizes.config.DatabaseFixer  : Existing user roles: [{role=ADMIN}]
2026-06-17T12:45:29.490-03:00  INFO 29364 --- [matrizes-api] [           main] c.dacarto.matrizes.config.DatabaseFixer  : Column altura_original checked/added successfully.
2026-06-17T12:45:29.759-03:00  INFO 29364 --- [matrizes-api] [           main] c.dacarto.matrizes.config.DatabaseFixer  : Column altura_atual checked/added successfully.
2026-06-17T12:45:30.023-03:00  INFO 29364 --- [matrizes-api] [           main] c.dacarto.matrizes.config.DatabaseFixer  : Column altura_minima checked/added successfully.
2026-06-17T12:45:30.282-03:00  INFO 29364 --- [matrizes-api] [           main] c.dacarto.matrizes.config.DatabaseFixer  : Column quantidade_retificas checked/added successfully.
2026-06-17T12:45:30.542-03:00  INFO 29364 --- [matrizes-api] [           main] c.dacarto.matrizes.config.DatabaseFixer  : Column pressao checked/added successfully.
2026-06-17T12:45:30.810-03:00  INFO 29364 --- [matrizes-api] [           main] c.dacarto.matrizes.config.DatabaseFixer  : Column tipo_corte checked/added successfully.
2026-06-17T12:45:30.813-03:00  INFO 29364 --- [matrizes-api] [           main] c.dacarto.matrizes.config.DatabaseFixer  : Database fixer completed successfully.
2026-06-17T12:46:43.677-03:00  INFO 29364 --- [matrizes-api] [nio-8080-exec-2] o.a.c.c.C.[Tomcat].[localhost].[/]       : Initializing Spring DispatcherServlet 'dispatcherServlet'
2026-06-17T12:46:43.680-03:00  INFO 29364 --- [matrizes-api] [nio-8080-exec-2] o.s.web.servlet.DispatcherServlet        : Initializing Servlet 'dispatcherServlet'
2026-06-17T12:46:43.684-03:00  INFO 29364 --- [matrizes-api] [nio-8080-exec-2] o.s.web.servlet.DispatcherServlet        : Completed initialization in 3 ms
[JWT Filter] Path: /api/v1/matrizes | Token: Found
[JWT Filter] Path: /api/v1/inspecoes | Token: Found
[JWT Filter] Token is valid: false
[JWT Filter] Token is valid: false
[JWT Filter] Path: /api/v1/inspecoes | Token: Found
[JWT Filter] Path: /api/v1/matrizes | Token: Found
[JWT Filter] Token is valid: false
[JWT Filter] Token is valid: false
[JWT Filter] Path: /api/v1/matrizes | Token: Found
[JWT Filter] Token is valid: false
[JWT Filter] Path: /api/v1/matrizes | Token: Found
[JWT Filter] Token is valid: false
[JWT Filter] Path: /api/v1/matrizes/dashboard | Token: Found
[JWT Filter] Token is valid: false
[JWT Filter] Path: /api/v1/matrizes/dashboard | Token: Found
[JWT Filter] Token is valid: false
[JWT Filter] Path: /api/v1/matrizes | Token: Found
[JWT Filter] Token is valid: false
[JWT Filter] Path: /api/v1/matrizes | Token: Found
[JWT Filter] Token is valid: false
